<?xml version="1.0" encoding="UTF-8"?>
<testsuite name="com.example.project.TestDay2" tests="1" skipped="0" failures="0" errors="0" timestamp="2024-12-19T13:36:56" hostname="codespaces-f364b6" time="0.004">
  <properties/>
  <testcase name="testSortNames()" classname="com.example.project.TestDay2" time="0.004"/>
  <system-out><![CDATA[John Nina Roxy Donnie Ruby null null null null null null null 
Matt Lucy Andrew Henry Sasha Mohammad Elsa null null null null null 
]]></system-out>
  <system-err><![CDATA[]]></system-err>
</testsuite>
